# JRE version: OpenJDK Runtime Environment Temurin-21.0.11+10 (21.0.11+10) (build 21.0.11+10-LTS)
# Java VM: OpenJDK 64-Bit Server VM Temurin-21.0.11+10 (21.0.11+10-LTS, mixed mode, sharing, tiered, compressed oops, compressed class ptrs, parallel gc, windows-amd64)
GC Precious Log:
 CardTable entry size: 512
 CPUs: 20 total, 20 available
 Memory: 16048M
 Large Page Support: Disabled
 NUMA Support: Disabled
 Compressed Oops: Enabled (32-bit)
 Alignments: Space 512K, Generation 512K, Heap 2M
 Heap Min Capacity: 100M
 Heap Initial Capacity: 100M
 Heap Max Capacity: 2G
 Pre-touch: Disabled
 Parallel Workers: 15
Heap:
 PSYoungGen      total 3072K, used 1588K [0x00000000d5580000, 0x00000000d5a80000, 0x0000000100000000)
  eden space 2048K, 27% used [0x00000000d5580000,0x00000000d560d3c0,0x00000000d5780000)
  from space 1024K, 100% used [0x00000000d5900000,0x00000000d5a00000,0x00000000d5a00000)
  to   space 1536K, 0% used [0x00000000d5780000,0x00000000d5780000,0x00000000d5900000)
 ParOldGen       total 431616K, used 431199K [0x0000000080000000, 0x000000009a580000, 0x00000000d5580000)
  object space 431616K, 99% used [0x0000000080000000,0x000000009a517c60,0x000000009a580000)
 Metaspace       used 89375K, committed 91200K, reserved 1179648K
  class space    used 8986K, committed 9728K, reserved 1048576K
GC Heap History (20 events):
Event: 8609.110 GC heap before
{Heap before GC invocations=469 (full 4):
 PSYoungGen      total 2560K, used 2544K [0x00000000d5580000, 0x00000000d5980000, 0x0000000100000000)
  eden space 2048K, 100% used [0x00000000d5580000,0x00000000d5780000,0x00000000d5780000)
  from space 512K, 96% used [0x00000000d5880000,0x00000000d58fc010,0x00000000d5900000)
  to   space 1024K, 0% used [0x00000000d5780000,0x00000000d5780000,0x00000000d5880000)
 ParOldGen       total 423936K, used 423429K [0x0000000080000000, 0x0000000099e00000, 0x00000000d5580000)
  object space 423936K, 99% used [0x0000000080000000,0x0000000099d814c0,0x0000000099e00000)
 Metaspace       used 89273K, committed 91136K, reserved 1179648K
  class space    used 8978K, committed 9728K, reserved 1048576K
}
Event: 8609.112 GC heap after
{Heap after GC invocations=469 (full 4):
 PSYoungGen      total 3072K, used 1022K [0x00000000d5580000, 0x00000000d5c80000, 0x0000000100000000)
  eden space 2048K, 0% used [0x00000000d5580000,0x00000000d5580000,0x00000000d5780000)
  from space 1024K, 99% used [0x00000000d5780000,0x00000000d587f960,0x00000000d5880000)
  to   space 2560K, 0% used [0x00000000d5a00000,0x00000000d5a00000,0x00000000d5c80000)
 ParOldGen       total 424448K, used 424381K [0x0000000080000000, 0x0000000099e80000, 0x00000000d5580000)
  object space 424448K, 99% used [0x0000000080000000,0x0000000099e6f4e0,0x0000000099e80000)
 Metaspace       used 89273K, committed 91136K, reserved 1179648K
  class space    used 8978K, committed 9728K, reserved 1048576K
}
Event: 8609.119 GC heap before
{Heap before GC invocations=470 (full 4):
 PSYoungGen      total 3072K, used 3070K [0x00000000d5580000, 0x00000000d5c80000, 0x0000000100000000)
  eden space 2048K, 100% used [0x00000000d5580000,0x00000000d5780000,0x00000000d5780000)
  from space 1024K, 99% used [0x00000000d5780000,0x00000000d587f960,0x00000000d5880000)
  to   space 2560K, 0% used [0x00000000d5a00000,0x00000000d5a00000,0x00000000d5c80000)
 ParOldGen       total 424448K, used 424381K [0x0000000080000000, 0x0000000099e80000, 0x00000000d5580000)
  object space 424448K, 99% used [0x0000000080000000,0x0000000099e6f4e0,0x0000000099e80000)
 Metaspace       used 89278K, committed 91136K, reserved 1179648K
  class space    used 8978K, committed 9728K, reserved 1048576K
}
Event: 8609.120 GC heap after
{Heap after GC invocations=470 (full 4):
 PSYoungGen      total 3584K, used 1248K [0x00000000d5580000, 0x00000000d5b80000, 0x0000000100000000)
  eden space 2048K, 0% used [0x00000000d5580000,0x00000000d5580000,0x00000000d5780000)
  from space 1536K, 81% used [0x00000000d5a00000,0x00000000d5b38000,0x00000000d5b80000)
  to   space 1536K, 0% used [0x00000000d5880000,0x00000000d5880000,0x00000000d5a00000)
 ParOldGen       total 425472K, used 425275K [0x0000000080000000, 0x0000000099f80000, 0x00000000d5580000)
  object space 425472K, 99% used [0x0000000080000000,0x0000000099f4ee40,0x0000000099f80000)
 Metaspace       used 89278K, committed 91136K, reserved 1179648K
  class space    used 8978K, committed 9728K, reserved 1048576K
}
Event: 8609.125 GC heap before
{Heap before GC invocations=471 (full 4):
 PSYoungGen      total 3584K, used 3296K [0x00000000d5580000, 0x00000000d5b80000, 0x0000000100000000)
  eden space 2048K, 100% used [0x00000000d5580000,0x00000000d5780000,0x00000000d5780000)
  from space 1536K, 81% used [0x00000000d5a00000,0x00000000d5b38000,0x00000000d5b80000)
  to   space 1536K, 0% used [0x00000000d5880000,0x00000000d5880000,0x00000000d5a00000)
 ParOldGen       total 425472K, used 425275K [0x0000000080000000, 0x0000000099f80000, 0x00000000d5580000)
  object space 425472K, 99% used [0x0000000080000000,0x0000000099f4ee40,0x0000000099f80000)
 Metaspace       used 89278K, committed 91136K, reserved 1179648K
  class space    used 8978K, committed 9728K, reserved 1048576K
}
Event: 8609.128 GC heap after
{Heap after GC invocations=471 (full 4):
 PSYoungGen      total 3072K, used 1024K [0x00000000d5580000, 0x00000000d5a80000, 0x0000000100000000)
  eden space 2048K, 0% used [0x00000000d5580000,0x00000000d5580000,0x00000000d5780000)
  from space 1024K, 100% used [0x00000000d5880000,0x00000000d5980000,0x00000000d5980000)
  to   space 1024K, 0% used [0x00000000d5980000,0x00000000d5980000,0x00000000d5a80000)
 ParOldGen       total 426496K, used 426307K [0x0000000080000000, 0x000000009a080000, 0x00000000d5580000)
  object space 426496K, 99% used [0x0000000080000000,0x000000009a050e40,0x000000009a080000)
 Metaspace       used 89278K, committed 91136K, reserved 1179648K
  class space    used 8978K, committed 9728K, reserved 1048576K
}
Event: 8609.257 GC heap before
{Heap before GC invocations=472 (full 4):
 PSYoungGen      total 3072K, used 3072K [0x00000000d5580000, 0x00000000d5a80000, 0x0000000100000000)
  eden space 2048K, 100% used [0x00000000d5580000,0x00000000d5780000,0x00000000d5780000)
  from space 1024K, 100% used [0x00000000d5880000,0x00000000d5980000,0x00000000d5980000)
  to   space 1024K, 0% used [0x00000000d5980000,0x00000000d5980000,0x00000000d5a80000)
 ParOldGen       total 426496K, used 426307K [0x0000000080000000, 0x000000009a080000, 0x00000000d5580000)
  object space 426496K, 99% used [0x0000000080000000,0x000000009a050e40,0x000000009a080000)
 Metaspace       used 89340K, committed 91136K, reserved 1179648K
  class space    used 8986K, committed 9728K, reserved 1048576K
}
Event: 8609.260 GC heap after
{Heap after GC invocations=472 (full 4):
 PSYoungGen      total 3072K, used 1018K [0x00000000d5580000, 0x00000000d5b80000, 0x0000000100000000)
  eden space 2048K, 0% used [0x00000000d5580000,0x00000000d5580000,0x00000000d5780000)
  from space 1024K, 99% used [0x00000000d5980000,0x00000000d5a7e900,0x00000000d5a80000)
  to   space 2048K, 0% used [0x00000000d5780000,0x00000000d5780000,0x00000000d5980000)
 ParOldGen       total 427520K, used 427107K [0x0000000080000000, 0x000000009a180000, 0x00000000d5580000)
  object space 427520K, 99% used [0x0000000080000000,0x000000009a118e40,0x000000009a180000)
 Metaspace       used 89340K, committed 91136K, reserved 1179648K
  class space    used 8986K, committed 9728K, reserved 1048576K
}
Event: 8609.266 GC heap before
{Heap before GC invocations=473 (full 4):
 PSYoungGen      total 3072K, used 3066K [0x00000000d5580000, 0x00000000d5b80000, 0x0000000100000000)
  eden space 2048K, 99% used [0x00000000d5580000,0x00000000d577ffe0,0x00000000d5780000)
  from space 1024K, 99% used [0x00000000d5980000,0x00000000d5a7e900,0x00000000d5a80000)
  to   space 2048K, 0% used [0x00000000d5780000,0x00000000d5780000,0x00000000d5980000)
 ParOldGen       total 427520K, used 427107K [0x0000000080000000, 0x000000009a180000, 0x00000000d5580000)
  object space 427520K, 99% used [0x0000000080000000,0x000000009a118e40,0x000000009a180000)
 Metaspace       used 89341K, committed 91136K, reserved 1179648K
  class space    used 8986K, committed 9728K, reserved 1048576K
}
Event: 8609.268 GC heap after
{Heap after GC invocations=473 (full 4):
 PSYoungGen      total 2560K, used 480K [0x00000000d5580000, 0x00000000d5a00000, 0x0000000100000000)
  eden space 2048K, 0% used [0x00000000d5580000,0x00000000d5580000,0x00000000d5780000)
  from space 512K, 93% used [0x00000000d5780000,0x00000000d57f8000,0x00000000d5800000)
  to   space 1024K, 0% used [0x00000000d5900000,0x00000000d5900000,0x00000000d5a00000)
 ParOldGen       total 428032K, used 427848K [0x0000000080000000, 0x000000009a200000, 0x00000000d5580000)
  object space 428032K, 99% used [0x0000000080000000,0x000000009a1d2040,0x000000009a200000)
 Metaspace       used 89341K, committed 91136K, reserved 1179648K
  class space    used 8986K, committed 9728K, reserved 1048576K
}
Event: 8609.271 GC heap before
{Heap before GC invocations=474 (full 4):
 PSYoungGen      total 2560K, used 2528K [0x00000000d5580000, 0x00000000d5a00000, 0x0000000100000000)
  eden space 2048K, 100% used [0x00000000d5580000,0x00000000d5780000,0x00000000d5780000)
  from space 512K, 93% used [0x00000000d5780000,0x00000000d57f8000,0x00000000d5800000)
  to   space 1024K, 0% used [0x00000000d5900000,0x00000000d5900000,0x00000000d5a00000)
 ParOldGen       total 428032K, used 427848K [0x0000000080000000, 0x000000009a200000, 0x00000000d5580000)
  object space 428032K, 99% used [0x0000000080000000,0x000000009a1d2040,0x000000009a200000)
 Metaspace       used 89341K, committed 91136K, reserved 1179648K
  class space    used 8986K, committed 9728K, reserved 1048576K
}
Event: 8609.272 GC heap after
{Heap after GC invocations=474 (full 4):
 PSYoungGen      total 2560K, used 176K [0x00000000d5580000, 0x00000000d5980000, 0x0000000100000000)
  eden space 2048K, 0% used [0x00000000d5580000,0x00000000d5580000,0x00000000d5780000)
  from space 512K, 34% used [0x00000000d5900000,0x00000000d592c010,0x00000000d5980000)
  to   space 512K, 0% used [0x00000000d5780000,0x00000000d5780000,0x00000000d5800000)
 ParOldGen       total 428544K, used 428248K [0x0000000080000000, 0x000000009a280000, 0x00000000d5580000)
  object space 428544K, 99% used [0x0000000080000000,0x000000009a236040,0x000000009a280000)
 Metaspace       used 89341K, committed 91136K, reserved 1179648K
  class space    used 8986K, committed 9728K, reserved 1048576K
}
Event: 8609.275 GC heap before
{Heap before GC invocations=475 (full 4):
 PSYoungGen      total 2560K, used 2224K [0x00000000d5580000, 0x00000000d5980000, 0x0000000100000000)
  eden space 2048K, 100% used [0x00000000d5580000,0x00000000d5780000,0x00000000d5780000)
  from space 512K, 34% used [0x00000000d5900000,0x00000000d592c010,0x00000000d5980000)
  to   space 512K, 0% used [0x00000000d5780000,0x00000000d5780000,0x00000000d5800000)
 ParOldGen       total 428544K, used 428248K [0x0000000080000000, 0x000000009a280000, 0x00000000d5580000)
  object space 428544K, 99% used [0x0000000080000000,0x000000009a236040,0x000000009a280000)
 Metaspace       used 89353K, committed 91200K, reserved 1179648K
  class space    used 8986K, committed 9728K, reserved 1048576K
}
Event: 8609.277 GC heap after
{Heap after GC invocations=475 (full 4):
 PSYoungGen      total 2560K, used 510K [0x00000000d5580000, 0x00000000d5b00000, 0x0000000100000000)
  eden space 2048K, 0% used [0x00000000d5580000,0x00000000d5580000,0x00000000d5780000)
  from space 512K, 99% used [0x00000000d5780000,0x00000000d57ff960,0x00000000d5800000)
  to   space 1536K, 0% used [0x00000000d5980000,0x00000000d5980000,0x00000000d5b00000)
 ParOldGen       total 429056K, used 429024K [0x0000000080000000, 0x000000009a300000, 0x00000000d5580000)
  object space 429056K, 99% used [0x0000000080000000,0x000000009a2f8300,0x000000009a300000)
 Metaspace       used 89353K, committed 91200K, reserved 1179648K
  class space    used 8986K, committed 9728K, reserved 1048576K
}
Event: 8609.278 GC heap before
{Heap before GC invocations=476 (full 4):
 PSYoungGen      total 2560K, used 2558K [0x00000000d5580000, 0x00000000d5b00000, 0x0000000100000000)
  eden space 2048K, 99% used [0x00000000d5580000,0x00000000d577ffe0,0x00000000d5780000)
  from space 512K, 99% used [0x00000000d5780000,0x00000000d57ff960,0x00000000d5800000)
  to   space 1536K, 0% used [0x00000000d5980000,0x00000000d5980000,0x00000000d5b00000)
 ParOldGen       total 429056K, used 429024K [0x0000000080000000, 0x000000009a300000, 0x00000000d5580000)
  object space 429056K, 99% used [0x0000000080000000,0x000000009a2f8300,0x000000009a300000)
 Metaspace       used 89353K, committed 91200K, reserved 1179648K
  class space    used 8986K, committed 9728K, reserved 1048576K
}
Event: 8609.280 GC heap after
{Heap after GC invocations=476 (full 4):
 PSYoungGen      total 3072K, used 1536K [0x00000000d5580000, 0x00000000d5d00000, 0x0000000100000000)
  eden space 1536K, 0% used [0x00000000d5580000,0x00000000d5580000,0x00000000d5700000)
  from space 1536K, 100% used [0x00000000d5980000,0x00000000d5b00000,0x00000000d5b00000)
  to   space 2560K, 0% used [0x00000000d5700000,0x00000000d5700000,0x00000000d5980000)
 ParOldGen       total 430080K, used 429583K [0x0000000080000000, 0x000000009a400000, 0x00000000d5580000)
  object space 430080K, 99% used [0x0000000080000000,0x000000009a383c60,0x000000009a400000)
 Metaspace       used 89353K, committed 91200K, reserved 1179648K
  class space    used 8986K, committed 9728K, reserved 1048576K
}
Event: 8609.290 GC heap before
{Heap before GC invocations=477 (full 4):
 PSYoungGen      total 3072K, used 3072K [0x00000000d5580000, 0x00000000d5d00000, 0x0000000100000000)
  eden space 1536K, 100% used [0x00000000d5580000,0x00000000d5700000,0x00000000d5700000)
  from space 1536K, 100% used [0x00000000d5980000,0x00000000d5b00000,0x00000000d5b00000)
  to   space 2560K, 0% used [0x00000000d5700000,0x00000000d5700000,0x00000000d5980000)
 ParOldGen       total 430080K, used 429583K [0x0000000080000000, 0x000000009a400000, 0x00000000d5580000)
  object space 430080K, 99% used [0x0000000080000000,0x000000009a383c60,0x000000009a400000)
 Metaspace       used 89369K, committed 91200K, reserved 1179648K
  class space    used 8986K, committed 9728K, reserved 1048576K
}
Event: 8609.292 GC heap after
{Heap after GC invocations=477 (full 4):
 PSYoungGen      total 2048K, used 256K [0x00000000d5580000, 0x00000000d5a00000, 0x0000000100000000)
  eden space 1536K, 0% used [0x00000000d5580000,0x00000000d5580000,0x00000000d5700000)
  from space 512K, 50% used [0x00000000d5700000,0x00000000d5740000,0x00000000d5780000)
  to   space 1024K, 0% used [0x00000000d5900000,0x00000000d5900000,0x00000000d5a00000)
 ParOldGen       total 431104K, used 431031K [0x0000000080000000, 0x000000009a500000, 0x00000000d5580000)
  object space 431104K, 99% used [0x0000000080000000,0x000000009a4edc60,0x000000009a500000)
 Metaspace       used 89369K, committed 91200K, reserved 1179648K
  class space    used 8986K, committed 9728K, reserved 1048576K
}
Event: 8609.297 GC heap before
{Heap before GC invocations=478 (full 4):
 PSYoungGen      total 2048K, used 1792K [0x00000000d5580000, 0x00000000d5a00000, 0x0000000100000000)
  eden space 1536K, 100% used [0x00000000d5580000,0x00000000d5700000,0x00000000d5700000)
  from space 512K, 50% used [0x00000000d5700000,0x00000000d5740000,0x00000000d5780000)
  to   space 1024K, 0% used [0x00000000d5900000,0x00000000d5900000,0x00000000d5a00000)
 ParOldGen       total 431104K, used 431031K [0x0000000080000000, 0x000000009a500000, 0x00000000d5580000)
  object space 431104K, 99% used [0x0000000080000000,0x000000009a4edc60,0x000000009a500000)
 Metaspace       used 89369K, committed 91200K, reserved 1179648K
  class space    used 8986K, committed 9728K, reserved 1048576K
}
Event: 8609.299 GC heap after
{Heap after GC invocations=478 (full 4):
 PSYoungGen      total 3072K, used 1024K [0x00000000d5580000, 0x00000000d5a80000, 0x0000000100000000)
  eden space 2048K, 0% used [0x00000000d5580000,0x00000000d5580000,0x00000000d5780000)
  from space 1024K, 100% used [0x00000000d5900000,0x00000000d5a00000,0x00000000d5a00000)
  to   space 1536K, 0% used [0x00000000d5780000,0x00000000d5780000,0x00000000d5900000)
 ParOldGen       total 431616K, used 431199K [0x0000000080000000, 0x000000009a580000, 0x00000000d5580000)
  object space 431616K, 99% used [0x0000000080000000,0x000000009a517c60,0x000000009a580000)
 Metaspace       used 89369K, committed 91200K, reserved 1179648K
  class space    used 8986K, committed 9728K, reserved 1048576K
}

