# JRE version: OpenJDK Runtime Environment Temurin-21.0.11+10 (21.0.11+10) (build 21.0.11+10-LTS)
# Java VM: OpenJDK 64-Bit Server VM Temurin-21.0.11+10 (21.0.11+10-LTS, mixed mode, sharing, tiered, compressed oops, compressed class ptrs, parallel gc, windows-amd64)
GC Precious Log:
 CardTable entry size: 512
 CPUs: 20 total, 20 available
 Memory: 16048M
 Large Page Support: Disabled
 NUMA Support: Disabled
 Compressed Oops: Enabled (32-bit)
 Alignments: Space 512K, Generation 512K, Heap 2M
 Heap Min Capacity: 100M
 Heap Initial Capacity: 100M
 Heap Max Capacity: 2G
 Pre-touch: Disabled
 Parallel Workers: 15
Heap:
 PSYoungGen      total 7168K, used 3722K [0x00000000d5580000, 0x00000000d5e80000, 0x0000000100000000)
  eden space 5632K, 47% used [0x00000000d5580000,0x00000000d5819660,0x00000000d5b00000)
  from space 1536K, 69% used [0x00000000d5d00000,0x00000000d5e09210,0x00000000d5e80000)
  to   space 1536K, 0% used [0x00000000d5b80000,0x00000000d5b80000,0x00000000d5d00000)
 ParOldGen       total 99328K, used 99227K [0x0000000080000000, 0x0000000086100000, 0x00000000d5580000)
  object space 99328K, 99% used [0x0000000080000000,0x00000000860e6d18,0x0000000086100000)
 Metaspace       used 73821K, committed 75456K, reserved 1179648K
  class space    used 7551K, committed 8256K, reserved 1048576K
GC Heap History (20 events):
Event: 11.899 GC heap before
{Heap before GC invocations=88 (full 3):
 PSYoungGen      total 7680K, used 7296K [0x00000000d5580000, 0x00000000d5e80000, 0x0000000100000000)
  eden space 6656K, 100% used [0x00000000d5580000,0x00000000d5c00000,0x00000000d5c00000)
  from space 1024K, 62% used [0x00000000d5d80000,0x00000000d5e20020,0x00000000d5e80000)
  to   space 1024K, 0% used [0x00000000d5c80000,0x00000000d5c80000,0x00000000d5d80000)
 ParOldGen       total 90624K, used 90384K [0x0000000080000000, 0x0000000085880000, 0x00000000d5580000)
  object space 90624K, 99% used [0x0000000080000000,0x0000000085844270,0x0000000085880000)
 Metaspace       used 73361K, committed 74944K, reserved 1179648K
  class space    used 7532K, committed 8256K, reserved 1048576K
}
Event: 11.900 GC heap after
{Heap after GC invocations=88 (full 3):
 PSYoungGen      total 7680K, used 1013K [0x00000000d5580000, 0x00000000d5f00000, 0x0000000100000000)
  eden space 6656K, 0% used [0x00000000d5580000,0x00000000d5580000,0x00000000d5c00000)
  from space 1024K, 98% used [0x00000000d5c80000,0x00000000d5d7d6a8,0x00000000d5d80000)
  to   space 1536K, 0% used [0x00000000d5d80000,0x00000000d5d80000,0x00000000d5f00000)
 ParOldGen       total 91136K, used 90753K [0x0000000080000000, 0x0000000085900000, 0x00000000d5580000)
  object space 91136K, 99% used [0x0000000080000000,0x00000000858a0530,0x0000000085900000)
 Metaspace       used 73361K, committed 74944K, reserved 1179648K
  class space    used 7532K, committed 8256K, reserved 1048576K
}
Event: 11.927 GC heap before
{Heap before GC invocations=89 (full 3):
 PSYoungGen      total 7680K, used 7669K [0x00000000d5580000, 0x00000000d5f00000, 0x0000000100000000)
  eden space 6656K, 100% used [0x00000000d5580000,0x00000000d5c00000,0x00000000d5c00000)
  from space 1024K, 98% used [0x00000000d5c80000,0x00000000d5d7d6a8,0x00000000d5d80000)
  to   space 1536K, 0% used [0x00000000d5d80000,0x00000000d5d80000,0x00000000d5f00000)
 ParOldGen       total 91136K, used 90753K [0x0000000080000000, 0x0000000085900000, 0x00000000d5580000)
  object space 91136K, 99% used [0x0000000080000000,0x00000000858a0530,0x0000000085900000)
 Metaspace       used 73494K, committed 75136K, reserved 1179648K
  class space    used 7543K, committed 8256K, reserved 1048576K
}
Event: 11.928 GC heap after
{Heap after GC invocations=89 (full 3):
 PSYoungGen      total 8192K, used 1351K [0x00000000d5580000, 0x00000000d5f00000, 0x0000000100000000)
  eden space 6656K, 0% used [0x00000000d5580000,0x00000000d5580000,0x00000000d5c00000)
  from space 1536K, 88% used [0x00000000d5d80000,0x00000000d5ed1f20,0x00000000d5f00000)
  to   space 1536K, 0% used [0x00000000d5c00000,0x00000000d5c00000,0x00000000d5d80000)
 ParOldGen       total 91648K, used 91423K [0x0000000080000000, 0x0000000085980000, 0x00000000d5580000)
  object space 91648K, 99% used [0x0000000080000000,0x0000000085947e88,0x0000000085980000)
 Metaspace       used 73494K, committed 75136K, reserved 1179648K
  class space    used 7543K, committed 8256K, reserved 1048576K
}
Event: 11.947 GC heap before
{Heap before GC invocations=90 (full 3):
 PSYoungGen      total 8192K, used 8007K [0x00000000d5580000, 0x00000000d5f00000, 0x0000000100000000)
  eden space 6656K, 100% used [0x00000000d5580000,0x00000000d5c00000,0x00000000d5c00000)
  from space 1536K, 88% used [0x00000000d5d80000,0x00000000d5ed1f20,0x00000000d5f00000)
  to   space 1536K, 0% used [0x00000000d5c00000,0x00000000d5c00000,0x00000000d5d80000)
 ParOldGen       total 91648K, used 91423K [0x0000000080000000, 0x0000000085980000, 0x00000000d5580000)
  object space 91648K, 99% used [0x0000000080000000,0x0000000085947e88,0x0000000085980000)
 Metaspace       used 73528K, committed 75136K, reserved 1179648K
  class space    used 7544K, committed 8256K, reserved 1048576K
}
Event: 11.949 GC heap after
{Heap after GC invocations=90 (full 3):
 PSYoungGen      total 7680K, used 800K [0x00000000d5580000, 0x00000000d5e00000, 0x0000000100000000)
  eden space 6656K, 0% used [0x00000000d5580000,0x00000000d5580000,0x00000000d5c00000)
  from space 1024K, 78% used [0x00000000d5c00000,0x00000000d5cc8020,0x00000000d5d00000)
  to   space 1024K, 0% used [0x00000000d5d00000,0x00000000d5d00000,0x00000000d5e00000)
 ParOldGen       total 92672K, used 92312K [0x0000000080000000, 0x0000000085a80000, 0x00000000d5580000)
  object space 92672K, 99% used [0x0000000080000000,0x0000000085a26318,0x0000000085a80000)
 Metaspace       used 73528K, committed 75136K, reserved 1179648K
  class space    used 7544K, committed 8256K, reserved 1048576K
}
Event: 11.970 GC heap before
{Heap before GC invocations=91 (full 3):
 PSYoungGen      total 7680K, used 7456K [0x00000000d5580000, 0x00000000d5e00000, 0x0000000100000000)
  eden space 6656K, 99% used [0x00000000d5580000,0x00000000d5bffff8,0x00000000d5c00000)
  from space 1024K, 78% used [0x00000000d5c00000,0x00000000d5cc8020,0x00000000d5d00000)
  to   space 1024K, 0% used [0x00000000d5d00000,0x00000000d5d00000,0x00000000d5e00000)
 ParOldGen       total 92672K, used 92312K [0x0000000080000000, 0x0000000085a80000, 0x00000000d5580000)
  object space 92672K, 99% used [0x0000000080000000,0x0000000085a26318,0x0000000085a80000)
 Metaspace       used 73531K, committed 75136K, reserved 1179648K
  class space    used 7544K, committed 8256K, reserved 1048576K
}
Event: 11.972 GC heap after
{Heap after GC invocations=91 (full 3):
 PSYoungGen      total 6656K, used 1018K [0x00000000d5580000, 0x00000000d6000000, 0x0000000100000000)
  eden space 5632K, 0% used [0x00000000d5580000,0x00000000d5580000,0x00000000d5b00000)
  from space 1024K, 99% used [0x00000000d5d00000,0x00000000d5dfeb40,0x00000000d5e00000)
  to   space 2048K, 0% used [0x00000000d5b00000,0x00000000d5b00000,0x00000000d5d00000)
 ParOldGen       total 93184K, used 92968K [0x0000000080000000, 0x0000000085b00000, 0x00000000d5580000)
  object space 93184K, 99% used [0x0000000080000000,0x0000000085aca358,0x0000000085b00000)
 Metaspace       used 73531K, committed 75136K, reserved 1179648K
  class space    used 7544K, committed 8256K, reserved 1048576K
}
Event: 12.016 GC heap before
{Heap before GC invocations=92 (full 3):
 PSYoungGen      total 6656K, used 6650K [0x00000000d5580000, 0x00000000d6000000, 0x0000000100000000)
  eden space 5632K, 100% used [0x00000000d5580000,0x00000000d5b00000,0x00000000d5b00000)
  from space 1024K, 99% used [0x00000000d5d00000,0x00000000d5dfeb40,0x00000000d5e00000)
  to   space 2048K, 0% used [0x00000000d5b00000,0x00000000d5b00000,0x00000000d5d00000)
 ParOldGen       total 93184K, used 92968K [0x0000000080000000, 0x0000000085b00000, 0x00000000d5580000)
  object space 93184K, 99% used [0x0000000080000000,0x0000000085aca358,0x0000000085b00000)
 Metaspace       used 73576K, committed 75200K, reserved 1179648K
  class space    used 7544K, committed 8256K, reserved 1048576K
}
Event: 12.018 GC heap after
{Heap after GC invocations=92 (full 3):
 PSYoungGen      total 7680K, used 2029K [0x00000000d5580000, 0x00000000d6200000, 0x0000000100000000)
  eden space 5632K, 0% used [0x00000000d5580000,0x00000000d5580000,0x00000000d5b00000)
  from space 2048K, 99% used [0x00000000d5b00000,0x00000000d5cfb708,0x00000000d5d00000)
  to   space 3584K, 0% used [0x00000000d5e80000,0x00000000d5e80000,0x00000000d6200000)
 ParOldGen       total 94208K, used 94020K [0x0000000080000000, 0x0000000085c00000, 0x00000000d5580000)
  object space 94208K, 99% used [0x0000000080000000,0x0000000085bd11e8,0x0000000085c00000)
 Metaspace       used 73576K, committed 75200K, reserved 1179648K
  class space    used 7544K, committed 8256K, reserved 1048576K
}
Event: 12.039 GC heap before
{Heap before GC invocations=93 (full 3):
 PSYoungGen      total 7680K, used 7661K [0x00000000d5580000, 0x00000000d6200000, 0x0000000100000000)
  eden space 5632K, 100% used [0x00000000d5580000,0x00000000d5b00000,0x00000000d5b00000)
  from space 2048K, 99% used [0x00000000d5b00000,0x00000000d5cfb708,0x00000000d5d00000)
  to   space 3584K, 0% used [0x00000000d5e80000,0x00000000d5e80000,0x00000000d6200000)
 ParOldGen       total 94208K, used 94020K [0x0000000080000000, 0x0000000085c00000, 0x00000000d5580000)
  object space 94208K, 99% used [0x0000000080000000,0x0000000085bd11e8,0x0000000085c00000)
 Metaspace       used 73594K, committed 75200K, reserved 1179648K
  class space    used 7546K, committed 8256K, reserved 1048576K
}
Event: 12.041 GC heap after
{Heap after GC invocations=93 (full 3):
 PSYoungGen      total 7168K, used 1204K [0x00000000d5580000, 0x00000000d6000000, 0x0000000100000000)
  eden space 5632K, 0% used [0x00000000d5580000,0x00000000d5580000,0x00000000d5b00000)
  from space 1536K, 78% used [0x00000000d5e80000,0x00000000d5fad200,0x00000000d6000000)
  to   space 2048K, 0% used [0x00000000d5c00000,0x00000000d5c00000,0x00000000d5e00000)
 ParOldGen       total 96256K, used 95815K [0x0000000080000000, 0x0000000085e00000, 0x00000000d5580000)
  object space 96256K, 99% used [0x0000000080000000,0x0000000085d91ca0,0x0000000085e00000)
 Metaspace       used 73594K, committed 75200K, reserved 1179648K
  class space    used 7546K, committed 8256K, reserved 1048576K
}
Event: 12.059 GC heap before
{Heap before GC invocations=94 (full 3):
 PSYoungGen      total 7168K, used 6836K [0x00000000d5580000, 0x00000000d6000000, 0x0000000100000000)
  eden space 5632K, 100% used [0x00000000d5580000,0x00000000d5b00000,0x00000000d5b00000)
  from space 1536K, 78% used [0x00000000d5e80000,0x00000000d5fad200,0x00000000d6000000)
  to   space 2048K, 0% used [0x00000000d5c00000,0x00000000d5c00000,0x00000000d5e00000)
 ParOldGen       total 96256K, used 95815K [0x0000000080000000, 0x0000000085e00000, 0x00000000d5580000)
  object space 96256K, 99% used [0x0000000080000000,0x0000000085d91ca0,0x0000000085e00000)
 Metaspace       used 73606K, committed 75264K, reserved 1179648K
  class space    used 7546K, committed 8256K, reserved 1048576K
}
Event: 12.061 GC heap after
{Heap after GC invocations=94 (full 3):
 PSYoungGen      total 7680K, used 640K [0x00000000d5580000, 0x00000000d5f00000, 0x0000000100000000)
  eden space 5632K, 0% used [0x00000000d5580000,0x00000000d5580000,0x00000000d5b00000)
  from space 2048K, 31% used [0x00000000d5c00000,0x00000000d5ca0020,0x00000000d5e00000)
  to   space 1024K, 0% used [0x00000000d5e00000,0x00000000d5e00000,0x00000000d5f00000)
 ParOldGen       total 97280K, used 96778K [0x0000000080000000, 0x0000000085f00000, 0x00000000d5580000)
  object space 97280K, 99% used [0x0000000080000000,0x0000000085e82a28,0x0000000085f00000)
 Metaspace       used 73606K, committed 75264K, reserved 1179648K
  class space    used 7546K, committed 8256K, reserved 1048576K
}
Event: 12.097 GC heap before
{Heap before GC invocations=95 (full 3):
 PSYoungGen      total 7680K, used 6272K [0x00000000d5580000, 0x00000000d5f00000, 0x0000000100000000)
  eden space 5632K, 100% used [0x00000000d5580000,0x00000000d5b00000,0x00000000d5b00000)
  from space 2048K, 31% used [0x00000000d5c00000,0x00000000d5ca0020,0x00000000d5e00000)
  to   space 1024K, 0% used [0x00000000d5e00000,0x00000000d5e00000,0x00000000d5f00000)
 ParOldGen       total 97280K, used 96778K [0x0000000080000000, 0x0000000085f00000, 0x00000000d5580000)
  object space 97280K, 99% used [0x0000000080000000,0x0000000085e82a28,0x0000000085f00000)
 Metaspace       used 73708K, committed 75328K, reserved 1179648K
  class space    used 7547K, committed 8256K, reserved 1048576K
}
Event: 12.100 GC heap after
{Heap after GC invocations=95 (full 3):
 PSYoungGen      total 6656K, used 1012K [0x00000000d5580000, 0x00000000d5f00000, 0x0000000100000000)
  eden space 5632K, 0% used [0x00000000d5580000,0x00000000d5580000,0x00000000d5b00000)
  from space 1024K, 98% used [0x00000000d5e00000,0x00000000d5efd200,0x00000000d5f00000)
  to   space 2048K, 0% used [0x00000000d5b00000,0x00000000d5b00000,0x00000000d5d00000)
 ParOldGen       total 97792K, used 97346K [0x0000000080000000, 0x0000000085f80000, 0x00000000d5580000)
  object space 97792K, 99% used [0x0000000080000000,0x0000000085f10a68,0x0000000085f80000)
 Metaspace       used 73708K, committed 75328K, reserved 1179648K
  class space    used 7547K, committed 8256K, reserved 1048576K
}
Event: 12.123 GC heap before
{Heap before GC invocations=96 (full 3):
 PSYoungGen      total 6656K, used 6644K [0x00000000d5580000, 0x00000000d5f00000, 0x0000000100000000)
  eden space 5632K, 100% used [0x00000000d5580000,0x00000000d5b00000,0x00000000d5b00000)
  from space 1024K, 98% used [0x00000000d5e00000,0x00000000d5efd200,0x00000000d5f00000)
  to   space 2048K, 0% used [0x00000000d5b00000,0x00000000d5b00000,0x00000000d5d00000)
 ParOldGen       total 97792K, used 97346K [0x0000000080000000, 0x0000000085f80000, 0x00000000d5580000)
  object space 97792K, 99% used [0x0000000080000000,0x0000000085f10a68,0x0000000085f80000)
 Metaspace       used 73711K, committed 75328K, reserved 1179648K
  class space    used 7547K, committed 8256K, reserved 1048576K
}
Event: 12.124 GC heap after
{Heap after GC invocations=96 (full 3):
 PSYoungGen      total 7680K, used 1072K [0x00000000d5580000, 0x00000000d5e80000, 0x0000000100000000)
  eden space 5632K, 0% used [0x00000000d5580000,0x00000000d5580000,0x00000000d5b00000)
  from space 2048K, 52% used [0x00000000d5b00000,0x00000000d5c0c010,0x00000000d5d00000)
  to   space 1536K, 0% used [0x00000000d5d00000,0x00000000d5d00000,0x00000000d5e80000)
 ParOldGen       total 98816K, used 98358K [0x0000000080000000, 0x0000000086080000, 0x00000000d5580000)
  object space 98816K, 99% used [0x0000000080000000,0x000000008600da58,0x0000000086080000)
 Metaspace       used 73711K, committed 75328K, reserved 1179648K
  class space    used 7547K, committed 8256K, reserved 1048576K
}
Event: 12.153 GC heap before
{Heap before GC invocations=97 (full 3):
 PSYoungGen      total 7680K, used 6704K [0x00000000d5580000, 0x00000000d5e80000, 0x0000000100000000)
  eden space 5632K, 100% used [0x00000000d5580000,0x00000000d5b00000,0x00000000d5b00000)
  from space 2048K, 52% used [0x00000000d5b00000,0x00000000d5c0c010,0x00000000d5d00000)
  to   space 1536K, 0% used [0x00000000d5d00000,0x00000000d5d00000,0x00000000d5e80000)
 ParOldGen       total 98816K, used 98358K [0x0000000080000000, 0x0000000086080000, 0x00000000d5580000)
  object space 98816K, 99% used [0x0000000080000000,0x000000008600da58,0x0000000086080000)
 Metaspace       used 73785K, committed 75392K, reserved 1179648K
  class space    used 7547K, committed 8256K, reserved 1048576K
}
Event: 12.155 GC heap after
{Heap after GC invocations=97 (full 3):
 PSYoungGen      total 7168K, used 1060K [0x00000000d5580000, 0x00000000d5e80000, 0x0000000100000000)
  eden space 5632K, 0% used [0x00000000d5580000,0x00000000d5580000,0x00000000d5b00000)
  from space 1536K, 69% used [0x00000000d5d00000,0x00000000d5e09210,0x00000000d5e80000)
  to   space 1536K, 0% used [0x00000000d5b80000,0x00000000d5b80000,0x00000000d5d00000)
 ParOldGen       total 99328K, used 99227K [0x0000000080000000, 0x0000000086100000, 0x00000000d5580000)
  object space 99328K, 99% used [0x0000000080000000,0x00000000860e6d18,0x0000000086100000)
 Metaspace       used 73785K, committed 75392K, reserved 1179648K
  class space    used 7547K, committed 8256K, reserved 1048576K
}

